<?xml version="1.0" encoding="utf-8"?><testsuites name="pytest tests"><testsuite name="pytest" errors="0" failures="0" skipped="0" tests="11" time="11.195" timestamp="2026-03-30T21:06:10.236509+00:00" hostname="agent-env-55bb0739-587f-4a14-b2fe-8c6235376799"><testcase classname="backend.tests.test_units_recipes_features.TestUnitsAPI" name="test_get_units_returns_default_units" time="0.538" /><testcase classname="backend.tests.test_units_recipes_features.TestUnitsAPI" name="test_create_unit_admin_only" time="0.589" /><testcase classname="backend.tests.test_units_recipes_features.TestUnitsAPI" name="test_update_unit_admin_only" time="0.547" /><testcase classname="backend.tests.test_units_recipes_features.TestUnitsAPI" name="test_delete_unit_admin_only" time="0.507" /><testcase classname="backend.tests.test_units_recipes_features.TestRecipeSupplierAndVersion" name="test_create_recipe_with_supplier_and_version" time="0.637" /><testcase classname="backend.tests.test_units_recipes_features.TestRecipeDuplicate" name="test_duplicate_recipe_increments_version" time="0.679" /><testcase classname="backend.tests.test_units_recipes_features.TestRecipeDuplicate" name="test_duplicate_nonexistent_recipe_returns_404" time="0.424" /><testcase classname="backend.tests.test_units_recipes_features.TestReportsAllCosts" name="test_all_costs_includes_supplier_and_version" time="5.654" /><testcase classname="backend.tests.test_units_recipes_features.TestExcelExport" name="test_excel_export_returns_xlsx" time="0.423" /><testcase classname="backend.tests.test_units_recipes_features.TestOperatorCannotModifyUnits" name="test_operator_cannot_create_unit" time="0.451" /><testcase classname="backend.tests.test_units_recipes_features.TestOperatorCannotModifyUnits" name="test_operator_can_read_units" time="0.566" /></testsuite></testsuites>