<?xml version="1.0" encoding="utf-8"?><testsuites name="pytest tests"><testsuite name="pytest" errors="0" failures="0" skipped="0" tests="12" time="6.550" timestamp="2026-04-01T15:27:58.883356+00:00" hostname="agent-env-55bb0739-587f-4a14-b2fe-8c6235376799"><testcase classname="backend.tests.test_iteration8_features.TestSupplierCodeField" name="test_create_supplier_with_code" time="0.545" /><testcase classname="backend.tests.test_iteration8_features.TestSupplierCodeField" name="test_get_suppliers_includes_code" time="0.714" /><testcase classname="backend.tests.test_iteration8_features.TestSupplierCodeField" name="test_update_supplier_code" time="0.483" /><testcase classname="backend.tests.test_iteration8_features.TestSupplierCodeField" name="test_supplier_no_delivery_time_or_min_order" time="0.465" /><testcase classname="backend.tests.test_iteration8_features.TestMaterialCodeArticle" name="test_create_material_with_code_article" time="0.419" /><testcase classname="backend.tests.test_iteration8_features.TestMaterialCodeArticle" name="test_get_materials_includes_code_article" time="0.571" /><testcase classname="backend.tests.test_iteration8_features.TestMaterialCodeArticle" name="test_update_material_code_article" time="0.522" /><testcase classname="backend.tests.test_iteration8_features.TestImportLogs" name="test_get_import_logs_endpoint" time="0.387" /><testcase classname="backend.tests.test_iteration8_features.TestImportLogs" name="test_get_import_logs_with_limit" time="0.394" /><testcase classname="backend.tests.test_iteration8_features.TestImportLogs" name="test_import_creates_log_entry" time="1.082" /><testcase classname="backend.tests.test_iteration8_features.TestLoginFlow" name="test_login_with_admin_credentials" time="0.400" /><testcase classname="backend.tests.test_iteration8_features.TestLoginFlow" name="test_auth_me_after_login" time="0.371" /></testsuite></testsuites>