<?xml version="1.0" encoding="utf-8"?><testsuites name="pytest tests"><testsuite name="pytest" errors="0" failures="0" skipped="0" tests="14" time="5.844" timestamp="2026-04-01T15:57:21.330435+00:00" hostname="agent-env-55bb0739-587f-4a14-b2fe-8c6235376799"><testcase classname="backend.tests.test_iteration10_price_history.TestPriceHistoryEndpoints" name="test_get_price_history_returns_list" time="0.449" /><testcase classname="backend.tests.test_iteration10_price_history.TestPriceHistoryEndpoints" name="test_get_price_history_with_recipe_filter" time="0.448" /><testcase classname="backend.tests.test_iteration10_price_history.TestPriceHistoryEndpoints" name="test_get_price_alerts_returns_list" time="0.401" /><testcase classname="backend.tests.test_iteration10_price_history.TestPriceHistoryEndpoints" name="test_record_price_history_requires_auth" time="0.522" /><testcase classname="backend.tests.test_iteration10_price_history.TestPriceHistoryEndpoints" name="test_record_price_history_as_admin" time="0.416" /><testcase classname="backend.tests.test_iteration10_price_history.TestPriceHistoryEndpoints" name="test_record_material_prices_as_admin" time="0.410" /><testcase classname="backend.tests.test_iteration10_price_history.TestPriceHistoryAsManager" name="test_record_price_history_as_manager" time="0.372" /><testcase classname="backend.tests.test_iteration10_price_history.TestPriceHistoryAsManager" name="test_record_material_prices_as_manager" time="0.395" /><testcase classname="backend.tests.test_iteration10_price_history.TestPriceHistoryAsOperator" name="test_operator_can_read_price_history" time="0.385" /><testcase classname="backend.tests.test_iteration10_price_history.TestPriceHistoryAsOperator" name="test_operator_can_read_alerts" time="0.377" /><testcase classname="backend.tests.test_iteration10_price_history.TestPriceHistoryAsOperator" name="test_operator_cannot_record_price_history" time="0.381" /><testcase classname="backend.tests.test_iteration10_price_history.TestPriceHistoryAsOperator" name="test_operator_cannot_record_material_prices" time="0.383" /><testcase classname="backend.tests.test_iteration10_price_history.TestDashboardEndpoints" name="test_dashboard_stats_endpoint" time="0.384" /><testcase classname="backend.tests.test_iteration10_price_history.TestDashboardEndpoints" name="test_reports_all_costs_endpoint" time="0.395" /></testsuite></testsuites>