<?xml version="1.0" encoding="utf-8"?><testsuites name="pytest tests"><testsuite name="pytest" errors="0" failures="0" skipped="0" tests="14" time="9.461" timestamp="2026-04-01T15:47:46.220590+00:00" hostname="agent-env-55bb0739-587f-4a14-b2fe-8c6235376799"><testcase classname="backend.tests.test_iteration9_crontab_scheduler.TestCrontabCRUD" name="test_create_crontab_sftp_scan" time="0.596" /><testcase classname="backend.tests.test_iteration9_crontab_scheduler.TestCrontabCRUD" name="test_create_crontab_price_history" time="0.427" /><testcase classname="backend.tests.test_iteration9_crontab_scheduler.TestCrontabCRUD" name="test_get_crontabs" time="0.549" /><testcase classname="backend.tests.test_iteration9_crontab_scheduler.TestCrontabCRUD" name="test_update_crontab" time="0.508" /><testcase classname="backend.tests.test_iteration9_crontab_scheduler.TestCrontabCRUD" name="test_delete_crontab" time="0.532" /><testcase classname="backend.tests.test_iteration9_crontab_scheduler.TestCrontabManualRun" name="test_run_sftp_scan_task" time="1.078" /><testcase classname="backend.tests.test_iteration9_crontab_scheduler.TestCrontabManualRun" name="test_run_price_history_task" time="1.076" /><testcase classname="backend.tests.test_iteration9_crontab_scheduler.TestCrontabManualRun" name="test_run_nonexistent_crontab" time="0.419" /><testcase classname="backend.tests.test_iteration9_crontab_scheduler.TestSchedulerStatus" name="test_scheduler_status_running" time="0.553" /><testcase classname="backend.tests.test_iteration9_crontab_scheduler.TestSchedulerStatus" name="test_scheduler_shows_active_jobs" time="1.290" /><testcase classname="backend.tests.test_iteration9_crontab_scheduler.TestSchedulerStatus" name="test_disabled_crontab_not_in_scheduler" time="1.585" /><testcase classname="backend.tests.test_iteration9_crontab_scheduler.TestSSOStatus" name="test_sso_status_public_endpoint" time="0.103" /><testcase classname="backend.tests.test_iteration9_crontab_scheduler.TestCrontabAuth" name="test_crontabs_require_auth" time="0.200" /><testcase classname="backend.tests.test_iteration9_crontab_scheduler.TestCrontabAuth" name="test_crontabs_require_admin_role" time="0.444" /></testsuite></testsuites>