<?xml version="1.0" encoding="utf-8"?><testsuites name="pytest tests"><testsuite name="pytest" errors="0" failures="0" skipped="0" tests="18" time="2.681" timestamp="2026-03-31T23:13:36.079589+00:00" hostname="agent-env-55bb0739-587f-4a14-b2fe-8c6235376799"><testcase classname="backend.tests.test_sso_pricehistory_simulation_sites.TestSSOEndpoints" name="test_sso_status_returns_disabled" time="0.158" /><testcase classname="backend.tests.test_sso_pricehistory_simulation_sites.TestSSOEndpoints" name="test_google_sso_url_returns_400_when_not_configured" time="0.109" /><testcase classname="backend.tests.test_sso_pricehistory_simulation_sites.TestSSOEndpoints" name="test_microsoft_sso_url_returns_400_when_not_configured" time="0.170" /><testcase classname="backend.tests.test_sso_pricehistory_simulation_sites.TestPriceHistoryEndpoints" name="test_record_price_history_requires_auth" time="0.104" /><testcase classname="backend.tests.test_sso_pricehistory_simulation_sites.TestPriceHistoryEndpoints" name="test_record_price_history_as_manager" time="0.393" /><testcase classname="backend.tests.test_sso_pricehistory_simulation_sites.TestPriceHistoryEndpoints" name="test_get_price_history" time="0.054" /><testcase classname="backend.tests.test_sso_pricehistory_simulation_sites.TestPriceHistoryEndpoints" name="test_record_material_prices_as_manager" time="0.055" /><testcase classname="backend.tests.test_sso_pricehistory_simulation_sites.TestPriceHistoryEndpoints" name="test_get_price_alerts" time="0.054" /><testcase classname="backend.tests.test_sso_pricehistory_simulation_sites.TestSimulationWhatIf" name="test_simulation_what_if_returns_results" time="0.134" /><testcase classname="backend.tests.test_sso_pricehistory_simulation_sites.TestSimulationWhatIf" name="test_simulation_what_if_with_invalid_material_returns_404" time="0.052" /><testcase classname="backend.tests.test_sso_pricehistory_simulation_sites.TestSimulationWhatIf" name="test_simulation_what_if_without_material_id_returns_400" time="0.050" /><testcase classname="backend.tests.test_sso_pricehistory_simulation_sites.TestSitesManagement" name="test_get_sites_returns_default_site" time="0.371" /><testcase classname="backend.tests.test_sso_pricehistory_simulation_sites.TestSitesManagement" name="test_create_site_as_admin" time="0.050" /><testcase classname="backend.tests.test_sso_pricehistory_simulation_sites.TestSitesManagement" name="test_update_site_as_admin" time="0.105" /><testcase classname="backend.tests.test_sso_pricehistory_simulation_sites.TestSitesManagement" name="test_delete_non_default_site" time="0.148" /><testcase classname="backend.tests.test_sso_pricehistory_simulation_sites.TestSitesManagement" name="test_delete_default_site_returns_400" time="0.055" /><testcase classname="backend.tests.test_sso_pricehistory_simulation_sites.TestSitesManagement" name="test_create_site_requires_admin" time="0.395" /><testcase classname="backend.tests.test_sso_pricehistory_simulation_sites.TestCleanup" name="test_cleanup_test_sites" time="0.155" /></testsuite></testsuites>