<?xml version="1.0" encoding="utf-8"?><testsuites name="pytest tests"><testsuite name="pytest" errors="0" failures="0" skipped="0" tests="20" time="11.158" timestamp="2026-03-30T00:01:25.772437+00:00" hostname="agent-env-55bb0739-587f-4a14-b2fe-8c6235376799"><testcase classname="backend.tests.test_rbac.TestAuthLogin" name="test_admin_login_returns_role" time="0.425" /><testcase classname="backend.tests.test_rbac.TestAuthLogin" name="test_manager_login_returns_role" time="0.355" /><testcase classname="backend.tests.test_rbac.TestAuthLogin" name="test_operator_login_returns_role" time="0.361" /><testcase classname="backend.tests.test_rbac.TestAuthLogin" name="test_registration_disabled" time="0.115" /><testcase classname="backend.tests.test_rbac.TestAdminUserManagement" name="test_admin_can_list_users" time="0.377" /><testcase classname="backend.tests.test_rbac.TestAdminUserManagement" name="test_admin_can_create_user" time="0.668" /><testcase classname="backend.tests.test_rbac.TestAdminUserManagement" name="test_admin_can_update_user_role" time="0.765" /><testcase classname="backend.tests.test_rbac.TestAdminUserManagement" name="test_admin_can_change_user_password" time="1.264" /><testcase classname="backend.tests.test_rbac.TestAdminUserManagement" name="test_admin_can_toggle_user_active_status" time="0.810" /><testcase classname="backend.tests.test_rbac.TestAdminUserManagement" name="test_admin_can_delete_user" time="0.812" /><testcase classname="backend.tests.test_rbac.TestAdminUserManagement" name="test_admin_cannot_demote_self" time="0.427" /><testcase classname="backend.tests.test_rbac.TestAdminUserManagement" name="test_admin_cannot_deactivate_self" time="0.723" /><testcase classname="backend.tests.test_rbac.TestOperatorAccessRestrictions" name="test_operator_cannot_list_users" time="0.411" /><testcase classname="backend.tests.test_rbac.TestOperatorAccessRestrictions" name="test_operator_cannot_create_user" time="0.385" /><testcase classname="backend.tests.test_rbac.TestOperatorAccessRestrictions" name="test_operator_can_access_materials" time="0.445" /><testcase classname="backend.tests.test_rbac.TestOperatorAccessRestrictions" name="test_operator_can_access_recipes" time="0.406" /><testcase classname="backend.tests.test_rbac.TestDeactivatedUserLogin" name="test_deactivated_user_cannot_login" time="1.105" /><testcase classname="backend.tests.test_rbac.TestManagerAccess" name="test_manager_cannot_list_users" time="0.378" /><testcase classname="backend.tests.test_rbac.TestManagerAccess" name="test_manager_can_access_materials" time="0.414" /><testcase classname="backend.tests.test_rbac.TestManagerAccess" name="test_manager_can_access_recipes" time="0.394" /></testsuite></testsuites>