<?xml version="1.0" encoding="utf-8"?><testsuites name="pytest tests"><testsuite name="pytest" errors="0" failures="0" skipped="0" tests="48" time="10.613" timestamp="2026-03-29T22:45:38.177596+00:00" hostname="agent-env-55bb0739-587f-4a14-b2fe-8c6235376799"><testcase classname="backend.tests.test_api.TestHealthAndRoot" name="test_api_root" time="0.168" /><testcase classname="backend.tests.test_api.TestHealthAndRoot" name="test_dashboard_stats" time="0.125" /><testcase classname="backend.tests.test_api.TestAuthentication" name="test_login_success" time="0.323" /><testcase classname="backend.tests.test_api.TestAuthentication" name="test_login_invalid_credentials" time="0.111" /><testcase classname="backend.tests.test_api.TestAuthentication" name="test_auth_me_without_token" time="0.109" /><testcase classname="backend.tests.test_api.TestAuthentication" name="test_auth_me_with_session" time="0.389" /><testcase classname="backend.tests.test_api.TestAuthentication" name="test_logout" time="0.414" /><testcase classname="backend.tests.test_api.TestMaterials" name="test_get_materials" time="0.106" /><testcase classname="backend.tests.test_api.TestMaterials" name="test_create_material" time="0.110" /><testcase classname="backend.tests.test_api.TestMaterials" name="test_create_and_get_material" time="0.237" /><testcase classname="backend.tests.test_api.TestMaterials" name="test_update_material" time="0.209" /><testcase classname="backend.tests.test_api.TestMaterials" name="test_delete_material" time="0.332" /><testcase classname="backend.tests.test_api.TestMaterials" name="test_csv_template" time="0.103" /><testcase classname="backend.tests.test_api.TestSuppliers" name="test_get_suppliers" time="0.101" /><testcase classname="backend.tests.test_api.TestSuppliers" name="test_create_supplier" time="0.101" /><testcase classname="backend.tests.test_api.TestSuppliers" name="test_delete_supplier" time="0.242" /><testcase classname="backend.tests.test_api.TestCategories" name="test_get_categories" time="0.107" /><testcase classname="backend.tests.test_api.TestCategories" name="test_create_category" time="0.109" /><testcase classname="backend.tests.test_api.TestCategories" name="test_delete_category" time="0.217" /><testcase classname="backend.tests.test_api.TestOverheads" name="test_get_overheads" time="0.126" /><testcase classname="backend.tests.test_api.TestOverheads" name="test_create_overhead" time="0.128" /><testcase classname="backend.tests.test_api.TestOverheads" name="test_delete_overhead" time="0.207" /><testcase classname="backend.tests.test_api.TestRecipes" name="test_get_recipes" time="0.103" /><testcase classname="backend.tests.test_api.TestRecipes" name="test_get_intermediate_recipes" time="0.109" /><testcase classname="backend.tests.test_api.TestRecipes" name="test_create_recipe" time="0.119" /><testcase classname="backend.tests.test_api.TestRecipes" name="test_get_recipe_by_id" time="0.244" /><testcase classname="backend.tests.test_api.TestRecipes" name="test_update_recipe" time="0.227" /><testcase classname="backend.tests.test_api.TestRecipes" name="test_delete_recipe" time="0.354" /><testcase classname="backend.tests.test_api.TestCostCalculation" name="test_recipe_cost_endpoint" time="0.221" /><testcase classname="backend.tests.test_api.TestCostCalculation" name="test_all_costs_report" time="0.109" /><testcase classname="backend.tests.test_api.TestCostCalculation" name="test_recipe_comparison" time="0.213" /><testcase classname="backend.tests.test_api.TestCostCalculation" name="test_excel_export" time="0.112" /><testcase classname="backend.tests.test_api.TestPDFExport" name="test_recipe_pdf_export" time="0.212" /><testcase classname="backend.tests.test_api.TestRecipeWithIngredients" name="test_create_recipe_with_ingredients" time="0.542" /><testcase classname="backend.tests.test_new_features.TestBOMCSVImport" name="test_bom_csv_template_endpoint" time="0.096" /><testcase classname="backend.tests.test_new_features.TestBOMCSVImport" name="test_bom_csv_import_endpoint_exists" time="0.103" /><testcase classname="backend.tests.test_new_features.TestBOMCSVImport" name="test_bom_csv_import_with_valid_csv" time="0.111" /><testcase classname="backend.tests.test_new_features.TestBOMCSVImport" name="test_bom_csv_import_rejects_non_csv" time="0.105" /><testcase classname="backend.tests.test_new_features.TestAutoImportAPI" name="test_auto_import_endpoint_exists" time="0.108" /><testcase classname="backend.tests.test_new_features.TestAutoImportAPI" name="test_auto_import_materials" time="0.108" /><testcase classname="backend.tests.test_new_features.TestAutoImportAPI" name="test_auto_import_recipes" time="0.101" /><testcase classname="backend.tests.test_new_features.TestAutoImportAPI" name="test_auto_import_bom" time="0.106" /><testcase classname="backend.tests.test_new_features.TestAutoImportAPI" name="test_auto_import_invalid_type" time="0.113" /><testcase classname="backend.tests.test_new_features.TestSFTPScan" name="test_sftp_scan_endpoint_exists" time="0.117" /><testcase classname="backend.tests.test_new_features.TestSFTPScan" name="test_sftp_scan_returns_directory_info" time="0.118" /><testcase classname="backend.tests.test_new_features.TestImportStatus" name="test_import_status_endpoint" time="0.110" /><testcase classname="backend.tests.test_new_features.TestImportStatus" name="test_import_status_shows_recent_imports" time="0.108" /><testcase classname="backend.tests.test_new_features.TestDashboardStats" name="test_dashboard_stats_updated" time="2.475" /></testsuite></testsuites>