<?xml version="1.0" encoding="utf-8"?><testsuites name="pytest tests"><testsuite name="pytest" errors="0" failures="0" skipped="0" tests="34" time="8.620" timestamp="2026-03-29T22:08:14.764006+00:00" hostname="agent-env-55bb0739-587f-4a14-b2fe-8c6235376799"><testcase classname="backend.tests.test_api.TestHealthAndRoot" name="test_api_root" time="0.314" /><testcase classname="backend.tests.test_api.TestHealthAndRoot" name="test_dashboard_stats" time="0.132" /><testcase classname="backend.tests.test_api.TestAuthentication" name="test_login_success" time="0.338" /><testcase classname="backend.tests.test_api.TestAuthentication" name="test_login_invalid_credentials" time="0.124" /><testcase classname="backend.tests.test_api.TestAuthentication" name="test_auth_me_without_token" time="0.103" /><testcase classname="backend.tests.test_api.TestAuthentication" name="test_auth_me_with_session" time="0.395" /><testcase classname="backend.tests.test_api.TestAuthentication" name="test_logout" time="0.390" /><testcase classname="backend.tests.test_api.TestMaterials" name="test_get_materials" time="0.109" /><testcase classname="backend.tests.test_api.TestMaterials" name="test_create_material" time="0.119" /><testcase classname="backend.tests.test_api.TestMaterials" name="test_create_and_get_material" time="0.250" /><testcase classname="backend.tests.test_api.TestMaterials" name="test_update_material" time="0.227" /><testcase classname="backend.tests.test_api.TestMaterials" name="test_delete_material" time="0.307" /><testcase classname="backend.tests.test_api.TestMaterials" name="test_csv_template" time="0.112" /><testcase classname="backend.tests.test_api.TestSuppliers" name="test_get_suppliers" time="0.104" /><testcase classname="backend.tests.test_api.TestSuppliers" name="test_create_supplier" time="0.125" /><testcase classname="backend.tests.test_api.TestSuppliers" name="test_delete_supplier" time="0.213" /><testcase classname="backend.tests.test_api.TestCategories" name="test_get_categories" time="0.112" /><testcase classname="backend.tests.test_api.TestCategories" name="test_create_category" time="0.132" /><testcase classname="backend.tests.test_api.TestCategories" name="test_delete_category" time="0.225" /><testcase classname="backend.tests.test_api.TestOverheads" name="test_get_overheads" time="0.107" /><testcase classname="backend.tests.test_api.TestOverheads" name="test_create_overhead" time="0.114" /><testcase classname="backend.tests.test_api.TestOverheads" name="test_delete_overhead" time="0.315" /><testcase classname="backend.tests.test_api.TestRecipes" name="test_get_recipes" time="0.119" /><testcase classname="backend.tests.test_api.TestRecipes" name="test_get_intermediate_recipes" time="0.100" /><testcase classname="backend.tests.test_api.TestRecipes" name="test_create_recipe" time="0.101" /><testcase classname="backend.tests.test_api.TestRecipes" name="test_get_recipe_by_id" time="0.233" /><testcase classname="backend.tests.test_api.TestRecipes" name="test_update_recipe" time="0.254" /><testcase classname="backend.tests.test_api.TestRecipes" name="test_delete_recipe" time="0.348" /><testcase classname="backend.tests.test_api.TestCostCalculation" name="test_recipe_cost_endpoint" time="0.219" /><testcase classname="backend.tests.test_api.TestCostCalculation" name="test_all_costs_report" time="0.118" /><testcase classname="backend.tests.test_api.TestCostCalculation" name="test_recipe_comparison" time="0.222" /><testcase classname="backend.tests.test_api.TestCostCalculation" name="test_excel_export" time="0.120" /><testcase classname="backend.tests.test_api.TestPDFExport" name="test_recipe_pdf_export" time="0.239" /><testcase classname="backend.tests.test_api.TestRecipeWithIngredients" name="test_create_recipe_with_ingredients" time="1.959" /></testsuite></testsuites>