<?xml version="1.0" encoding="utf-8"?><testsuites name="pytest tests"><testsuite name="pytest" errors="0" failures="0" skipped="0" tests="20" time="5.069" timestamp="2026-03-31T22:39:21.378967+00:00" hostname="agent-env-55bb0739-587f-4a14-b2fe-8c6235376799"><testcase classname="tests.test_csv_import_kpi_api.TestCSVImportAndKPIAPI" name="test_get_suppliers_csv_template" time="1.378" /><testcase classname="tests.test_csv_import_kpi_api.TestCSVImportAndKPIAPI" name="test_get_categories_csv_template" time="0.105" /><testcase classname="tests.test_csv_import_kpi_api.TestCSVImportAndKPIAPI" name="test_import_suppliers_csv" time="0.079" /><testcase classname="tests.test_csv_import_kpi_api.TestCSVImportAndKPIAPI" name="test_import_categories_csv" time="0.050" /><testcase classname="tests.test_csv_import_kpi_api.TestCSVImportAndKPIAPI" name="test_import_auto_suppliers" time="0.049" /><testcase classname="tests.test_csv_import_kpi_api.TestCSVImportAndKPIAPI" name="test_import_auto_categories" time="0.050" /><testcase classname="tests.test_csv_import_kpi_api.TestCSVImportAndKPIAPI" name="test_kpi_doc_public_no_auth" time="0.151" /><testcase classname="tests.test_csv_import_kpi_api.TestCSVImportAndKPIAPI" name="test_kpi_summary_requires_api_key" time="0.112" /><testcase classname="tests.test_csv_import_kpi_api.TestCSVImportAndKPIAPI" name="test_create_api_key_admin_only" time="0.497" /><testcase classname="tests.test_csv_import_kpi_api.TestCSVImportAndKPIAPI" name="test_list_api_keys_admin_only" time="0.095" /><testcase classname="tests.test_csv_import_kpi_api.TestCSVImportAndKPIAPI" name="test_toggle_api_key" time="0.135" /><testcase classname="tests.test_csv_import_kpi_api.TestCSVImportAndKPIAPI" name="test_delete_api_key" time="0.135" /><testcase classname="tests.test_csv_import_kpi_api.TestCSVImportAndKPIAPI" name="test_kpi_summary_with_api_key" time="0.213" /><testcase classname="tests.test_csv_import_kpi_api.TestCSVImportAndKPIAPI" name="test_kpi_costs_with_api_key" time="0.214" /><testcase classname="tests.test_csv_import_kpi_api.TestCSVImportAndKPIAPI" name="test_kpi_materials_with_api_key" time="0.196" /><testcase classname="tests.test_csv_import_kpi_api.TestCSVImportAndKPIAPI" name="test_kpi_recipes_with_api_key" time="0.209" /><testcase classname="tests.test_csv_import_kpi_api.TestCSVImportAndKPIAPI" name="test_kpi_suppliers_with_api_key" time="0.221" /><testcase classname="tests.test_csv_import_kpi_api.TestCSVImportAndKPIAPI" name="test_kpi_costs_filter_by_supplier" time="0.227" /><testcase classname="tests.test_csv_import_kpi_api.TestCSVImportAndKPIAPI" name="test_invalid_api_key_rejected" time="0.127" /><testcase classname="tests.test_csv_import_kpi_api.TestCSVImportAndKPIAPI" name="test_inactive_api_key_rejected" time="0.730" /></testsuite></testsuites>