<?xml version="1.0" encoding="utf-8"?><testsuites name="pytest tests"><testsuite name="pytest" errors="0" failures="0" skipped="0" tests="17" time="7.614" timestamp="2026-03-30T20:06:17.308146+00:00" hostname="agent-env-55bb0739-587f-4a14-b2fe-8c6235376799"><testcase classname="backend.tests.test_settings_features.TestSettingsFeatures" name="test_get_settings" time="0.456" /><testcase classname="backend.tests.test_settings_features.TestSettingsFeatures" name="test_update_settings" time="0.543" /><testcase classname="backend.tests.test_settings_features.TestSettingsFeatures" name="test_settings_sso_toggle" time="0.439" /><testcase classname="backend.tests.test_settings_features.TestCrontabsFeatures" name="test_get_crontabs" time="0.379" /><testcase classname="backend.tests.test_settings_features.TestCrontabsFeatures" name="test_create_crontab" time="0.423" /><testcase classname="backend.tests.test_settings_features.TestCrontabsFeatures" name="test_update_crontab" time="0.504" /><testcase classname="backend.tests.test_settings_features.TestCrontabsFeatures" name="test_run_crontab" time="0.532" /><testcase classname="backend.tests.test_settings_features.TestCrontabsFeatures" name="test_delete_crontab" time="0.485" /><testcase classname="backend.tests.test_settings_features.TestDashboardFeatures" name="test_dashboard_stats" time="0.427" /><testcase classname="backend.tests.test_settings_features.TestDashboardFeatures" name="test_reports_all_costs_for_charts" time="0.404" /><testcase classname="backend.tests.test_settings_features.TestCostsTableFeatures" name="test_reports_all_costs" time="0.409" /><testcase classname="backend.tests.test_settings_features.TestCostsTableFeatures" name="test_export_excel" time="0.425" /><testcase classname="backend.tests.test_settings_features.TestOperatorRestrictions" name="test_operator_cannot_update_settings" time="0.399" /><testcase classname="backend.tests.test_settings_features.TestOperatorRestrictions" name="test_operator_cannot_access_crontabs" time="0.383" /><testcase classname="backend.tests.test_settings_features.TestOperatorRestrictions" name="test_operator_can_read_settings" time="0.402" /><testcase classname="backend.tests.test_settings_features.TestOperatorRestrictions" name="test_operator_can_read_costs" time="0.403" /><testcase classname="backend.tests.test_settings_features.TestCleanup" name="test_cleanup_test_crontabs" time="0.503" /></testsuite></testsuites>